<?xml version="1.0" encoding="UTF-8"?>
<!-- Generated by org.testng.reporters.JUnitXMLReporter -->
<testsuite hostname="P69206" ignored="0" name="test" tests="3" failures="0" timestamp="27 Jan 2021 15:31:52 GMT" time="42.379" errors="0">
  <testcase name="ValidateHomeScreen" time="0.143" classname="test.testInstagram"/>
  <testcase name="ValidateAddingAndDeletingPost" time="23.867" classname="test.testInstagram"/>
  <testcase name="ValidateUserCanSearch" time="10.446" classname="test.testInstagram"/>
</testsuite> <!-- test -->
