<?xml version="1.0" encoding="UTF-8"?>
<!-- Generated by org.testng.reporters.JUnitXMLReporter -->
<testsuite hostname="P69206" ignored="0" name="Test" tests="15" failures="0" timestamp="11 Jul 2020 11:21:51 GMT" time="124.423" errors="0">
  <testcase name="selectMarkDownAndClickOnLink" time="7.627" classname="test.regression"/>
  <testcase name="selectMarkDownAndVerifyOnImage" time="7.137" classname="test.regression"/>
  <testcase name="clickBackToTheTop" time="4.492" classname="test.regression"/>
  <testcase name="typeTopCommand" time="3.016" classname="test.regression"/>
  <testcase name="minimizeMaximize" time="4.156" classname="test.regression"/>
  <testcase name="closeApp" time="4.659" classname="test.regression"/>
  <testcase name="selectAdaptiveCard" time="12.518" classname="test.regression"/>
  <testcase name="selectCarousal" time="13.523" classname="test.regression"/>
  <testcase name="selectCSAT" time="6.203" classname="test.regression"/>
  <testcase name="selectImage" time="5.994" classname="test.regression"/>
  <testcase name="selectInputDisable" time="7.821" classname="test.regression"/>
  <testcase name="verifyLogin" time="17.513" classname="test.regression"/>
  <testcase name="selectPullDown" time="11.195" classname="test.regression"/>
  <testcase name="verifySuggestions" time="6.944" classname="test.regression"/>
  <testcase name="selectVideo" time="7.211" classname="test.regression"/>
</testsuite> <!-- Test -->
