<?xml version="1.0" encoding="UTF-8"?>
<testsuite xmlns:xsi="http://www.w3.org/2001/XMLSchema-instance" xsi:noNamespaceSchemaLocation="https://maven.apache.org/surefire/maven-surefire-plugin/xsd/surefire-test-report-3.0.xsd" version="3.0" name="TestSuite" time="108.84" tests="3" errors="0" skipped="0" failures="0">
  <properties>
[...]
</properties>
  <testcase name="ValidateHomeScreen" classname="test.testInstagram" time="0.143"/>
  <testcase name="ValidateAddingAndDeletingPost" classname="test.testInstagram" time="23.867"/>
  <testcase name="ValidateUserCanSearch" classname="test.testInstagram" time="10.445"/>
</testsuite>