<?xml version="1.0" encoding="UTF-8"?>
<testng-results skipped="0" failed="0" ignored="0" total="3" passed="3">
  <reporter-output>
  </reporter-output>
  <suite name="mobileautomation" duration-ms="42379" started-at="2021-01-27T15:31:09Z" finished-at="2021-01-27T15:31:52Z">
    <groups>
    </groups>
    <test name="test" duration-ms="42379" started-at="2021-01-27T15:31:09Z" finished-at="2021-01-27T15:31:52Z">
      <class name="test.testInstagram">
        <test-method status="PASS" signature="setUpAppium()[pri:0, instance:test.testInstagram@3c756e4d]" name="setUpAppium" is-config="true" duration-ms="65151" started-at="2021-01-27T15:30:04Z" finished-at="2021-01-27T15:31:09Z">
          <reporter-output>
          </reporter-output>
        </test-method> <!-- setUpAppium -->
        <test-method status="PASS" signature="ValidateHomeScreen()[pri:1, instance:test.testInstagram@3c756e4d]" name="ValidateHomeScreen" duration-ms="143" started-at="2021-01-27T15:31:09Z" description="Validate Login to the device and navigate to teh home screen " finished-at="2021-01-27T15:31:09Z">
          <reporter-output>
          </reporter-output>
        </test-method> <!-- ValidateHomeScreen -->
        <test-method status="PASS" signature="ValidateAddingAndDeletingPost()[pri:2, instance:test.testInstagram@3c756e4d]" name="ValidateAddingAndDeletingPost" duration-ms="23867" started-at="2021-01-27T15:31:09Z" description="ValidateAddingAndDeletingPostInInstagram" finished-at="2021-01-27T15:31:33Z">
          <reporter-output>
          </reporter-output>
        </test-method> <!-- ValidateAddingAndDeletingPost -->
        <test-method status="PASS" signature="ValidateUserCanSearch()[pri:3, instance:test.testInstagram@3c756e4d]" name="ValidateUserCanSearch" duration-ms="10446" started-at="2021-01-27T15:31:33Z" description="ValidateUserCanSearchPostsAndFriends" finished-at="2021-01-27T15:31:44Z">
          <reporter-output>
          </reporter-output>
        </test-method> <!-- ValidateUserCanSearch -->
        <test-method status="PASS" signature="restartApp()[pri:0, instance:test.testInstagram@3c756e4d]" name="restartApp" is-config="true" duration-ms="7910" started-at="2021-01-27T15:31:44Z" finished-at="2021-01-27T15:31:52Z">
          <reporter-output>
          </reporter-output>
        </test-method> <!-- restartApp -->
        <test-method status="PASS" signature="tearDownAppium()[pri:0, instance:test.testInstagram@3c756e4d]" name="tearDownAppium" is-config="true" duration-ms="587" started-at="2021-01-27T15:31:52Z" finished-at="2021-01-27T15:31:52Z">
          <reporter-output>
          </reporter-output>
        </test-method> <!-- tearDownAppium -->
      </class> <!-- test.testInstagram -->
    </test> <!-- test -->
  </suite> <!-- mobileautomation -->
</testng-results>
